生成启动时间为 2015/12/9 23:09:22。
     1>项目“c:\Users\administrator\documents\visual studio 2013\Projects\集合和矩阵的转换\集合和矩阵的转换\集合和矩阵的转换.vcxproj”在节点 2 上(Build 个目标)。
     1>ClCompile:
         D:\visual stdio2013\VC\bin\CL.exe /c /ZI /nologo /W3 /WX- /sdl /Od /Oy- /D _UNICODE /D UNICODE /Gm /EHsc /RTC1 /MDd /GS /fp:precise /Zc:wchar_t /Zc:forScope /Fo"Debug\\" /Fd"Debug\vc120.pdb" /Gd /TP /analyze- /errorReport:prompt a.cpp b.cpp
         b.cpp
     1>c:\users\administrator\documents\visual studio 2013\projects\集合和矩阵的转换\集合和矩阵的转换\b.cpp(38): error C2678: 二进制“==”: 没有找到接受“std::vector<int,std::allocator<_Ty>>”类型的左操作数的运算符(或没有可接受的转换)
                 with
                 [
                     _Ty=int
                 ]
                 d:\visual stdio2013\vc\include\system_error(410): 可能是“bool std::operator ==(const std::error_condition &,const std::error_code &) throw()”
                 d:\visual stdio2013\vc\include\system_error(402): 或       “bool std::operator ==(const std::error_code &,const std::error_condition &) throw()”
                 d:\visual stdio2013\vc\include\exception(507): 或       “bool std::operator ==(const std::exception_ptr &,std::nullptr_t)”
                 d:\visual stdio2013\vc\include\exception(502): 或       “bool std::operator ==(std::nullptr_t,const std::exception_ptr &)”
                 d:\visual stdio2013\vc\include\exception(497): 或       “bool std::operator ==(const std::exception_ptr &,const std::exception_ptr &)”
                 尝试匹配参数列表“(std::vector<int,std::allocator<_Ty>>, int)”时
                 with
                 [
                     _Ty=int
                 ]
     1>c:\users\administrator\documents\visual studio 2013\projects\集合和矩阵的转换\集合和矩阵的转换\b.cpp(38): error C2446: “==”: 没有从“const int”到“std::vector<int,std::allocator<_Ty>>”的转换
                 with
                 [
                     _Ty=int
                 ]
                 class“std::vector<int,std::allocator<_Ty>>”的构造函数声明为“explicit”
                 with
                 [
                     _Ty=int
                 ]
     1>c:\users\administrator\documents\visual studio 2013\projects\集合和矩阵的转换\集合和矩阵的转换\b.cpp(38): error C2088: “==”: 对于 class 非法
     1>c:\users\administrator\documents\visual studio 2013\projects\集合和矩阵的转换\集合和矩阵的转换\b.cpp(64): error C2440: “=”: 无法从“std::vector<int,std::allocator<_Ty>>”转换为“int”
                 with
                 [
                     _Ty=int
                 ]
                 没有可用于执行该转换的用户定义的转换运算符，或者无法调用该运算符
     1>c:\users\administrator\documents\visual studio 2013\projects\集合和矩阵的转换\集合和矩阵的转换\b.cpp(65): error C2440: “=”: 无法从“std::vector<int,std::allocator<_Ty>>”转换为“const int”
                 with
                 [
                     _Ty=int
                 ]
                 没有可用于执行该转换的用户定义的转换运算符，或者无法调用该运算符
     1>c:\users\administrator\documents\visual studio 2013\projects\集合和矩阵的转换\集合和矩阵的转换\b.cpp(82): error C2679: 二进制“=”: 没有找到接受“int”类型的右操作数的运算符(或没有可接受的转换)
                 d:\visual stdio2013\vc\include\vector(948): 可能是“std::vector<int,std::allocator<_Ty>> &std::vector<_Ty,std::allocator<_Ty>>::operator =(const std::vector<_Ty,std::allocator<_Ty>> &)”
                 with
                 [
                     _Ty=int
                 ]
                 d:\visual stdio2013\vc\include\vector(926): 或       “std::vector<int,std::allocator<_Ty>> &std::vector<_Ty,std::allocator<_Ty>>::operator =(std::initializer_list<int>)”
                 with
                 [
                     _Ty=int
                 ]
                 d:\visual stdio2013\vc\include\vector(822): 或       “std::vector<int,std::allocator<_Ty>> &std::vector<_Ty,std::allocator<_Ty>>::operator =(std::vector<_Ty,std::allocator<_Ty>> &&)”
                 with
                 [
                     _Ty=int
                 ]
                 尝试匹配参数列表“(std::vector<int,std::allocator<_Ty>>, int)”时
                 with
                 [
                     _Ty=int
                 ]
     1>c:\users\administrator\documents\visual studio 2013\projects\集合和矩阵的转换\集合和矩阵的转换\b.cpp(84): error C2679: 二进制“=”: 没有找到接受“int”类型的右操作数的运算符(或没有可接受的转换)
                 d:\visual stdio2013\vc\include\vector(948): 可能是“std::vector<int,std::allocator<_Ty>> &std::vector<_Ty,std::allocator<_Ty>>::operator =(const std::vector<_Ty,std::allocator<_Ty>> &)”
                 with
                 [
                     _Ty=int
                 ]
                 d:\visual stdio2013\vc\include\vector(926): 或       “std::vector<int,std::allocator<_Ty>> &std::vector<_Ty,std::allocator<_Ty>>::operator =(std::initializer_list<int>)”
                 with
                 [
                     _Ty=int
                 ]
                 d:\visual stdio2013\vc\include\vector(822): 或       “std::vector<int,std::allocator<_Ty>> &std::vector<_Ty,std::allocator<_Ty>>::operator =(std::vector<_Ty,std::allocator<_Ty>> &&)”
                 with
                 [
                     _Ty=int
                 ]
                 尝试匹配参数列表“(std::vector<int,std::allocator<_Ty>>, int)”时
                 with
                 [
                     _Ty=int
                 ]
         a.cpp
     1>c:\users\administrator\documents\visual studio 2013\projects\集合和矩阵的转换\集合和矩阵的转换\a.cpp(3): error C2143: 语法错误 : 缺少“;”(在“using”的前面)
         正在生成代码...
     1>已完成生成项目“c:\Users\administrator\documents\visual studio 2013\Projects\集合和矩阵的转换\集合和矩阵的转换\集合和矩阵的转换.vcxproj”(Build 个目标)的操作 - 失败。

生成失败。

已用时间 00:00:01.01
